<?xml version="1.0" encoding="UTF-8"?>
<testng-results skipped="0" failed="0" ignored="0" total="1" passed="1">
  <reporter-output>
  </reporter-output>
  <suite name="Default suite" duration-ms="6222" started-at="2020-08-27T09:35:29 EDT" finished-at="2020-08-27T09:35:36 EDT">
    <groups>
    </groups>
    <test name="Default test" duration-ms="6222" started-at="2020-08-27T09:35:29 EDT" finished-at="2020-08-27T09:35:36 EDT">
      <class name="first.LibraryHashMap">
        <test-method status="PASS" signature="addBook()[pri:0, instance:first.LibraryHashMap@cb51256]" name="addBook" duration-ms="6156" started-at="2020-08-27T09:35:29 EDT" finished-at="2020-08-27T09:35:36 EDT">
          <reporter-output>
          </reporter-output>
        </test-method> <!-- addBook -->
      </class> <!-- first.LibraryHashMap -->
    </test> <!-- Default test -->
  </suite> <!-- Default suite -->
</testng-results>
